[debug] [2024-08-14T07:19:06.139Z] ----------------------------------------------------------------------
[debug] [2024-08-14T07:19:06.143Z] Command:       /nix/store/aspnwxp3q1wvg8jd1zg0295zmhr3lkb3-nodejs-18.19.1/bin/node /nix/store/pf4ama10fsjb161xrxgsyqi21qm10wc6-firebase-tools-13.13.1/lib/node_modules/firebase-tools/lib/bin/firebase.js login --no-localhost
[debug] [2024-08-14T07:19:06.144Z] CLI Version:   13.13.1
[debug] [2024-08-14T07:19:06.145Z] Platform:      linux
[debug] [2024-08-14T07:19:06.145Z] Node Version:  v18.19.1
[debug] [2024-08-14T07:19:06.145Z] Time:          Wed Aug 14 2024 07:19:06 GMT+0000 (Coordinated Universal Time)
[debug] [2024-08-14T07:19:06.146Z] ----------------------------------------------------------------------
[debug] 
[debug] [2024-08-14T07:19:06.151Z] >>> [apiv2][query] GET https://firebase-public.firebaseio.com/cli.json [none]
[info] i  Firebase optionally collects CLI and Emulator Suite usage and error reporting information to help improve our products. Data is collected in accordance with Google's privacy policy (https://policies.google.com/privacy) and is not used to identify you.
 
[debug] [2024-08-14T07:19:06.578Z] <<< [apiv2][status] GET https://firebase-public.firebaseio.com/cli.json 200
[debug] [2024-08-14T07:19:06.590Z] <<< [apiv2][body] GET https://firebase-public.firebaseio.com/cli.json {"cloudBuildErrorAfter":1594252800000,"cloudBuildWarnAfter":1590019200000,"defaultNode10After":1594252800000,"minVersion":"3.0.5","node8DeploysDisabledAfter":1613390400000,"node8RuntimeDisabledAfter":1615809600000,"node8WarnAfter":1600128000000}
[info] i  To change your data collection preference at any time, run `firebase logout` and log in again. 
[debug] [2024-08-14T07:19:12.030Z] >>> [apiv2][query] POST https://auth.firebase.tools/attest [none]
[debug] [2024-08-14T07:19:12.031Z] >>> [apiv2][body] POST https://auth.firebase.tools/attest {"session_id":"f57afc71-cb1c-46f7-b2f0-b121e1df508f"}
[debug] [2024-08-14T07:19:12.347Z] <<< [apiv2][status] POST https://auth.firebase.tools/attest 200
[debug] [2024-08-14T07:19:12.347Z] <<< [apiv2][body] POST https://auth.firebase.tools/attest {"token":"WotxinQOSh2-P91wWMtDGAGL9nlJ_9fibPB-_W46BTs"}
[info] 
[info] To sign in to the Firebase CLI:
[info] 
[info] 1. Take note of your session ID:
[info] 
[info]    F57AF
[info] 
[info] 2. Visit the URL below on any device and follow the instructions to get your code:
[info] 
[info]    https://auth.firebase.tools/login?code_challenge=iTIjx00s2Is__RLvUb9tJX7W9bd8bSzH4kb2msttrNk&session=f57afc71-cb1c-46f7-b2f0-b121e1df508f&attest=WotxinQOSh2-P91wWMtDGAGL9nlJ_9fibPB-_W46BTs
[info] 
[info] 3. Paste or enter the authorization code below once you have it:
[info] 
